This is pdfTeX, Version 3.1415926-1.40.10 (MiKTeX 2.8) (preloaded format=pdflatex 2010.12.3)  1 FEB 2011 19:18
entering extended mode
**C:/Users/martin/Desktop/hs07-latex/report-template/paper.tex
(C:/Users/martin/Desktop/hs07-latex/report-template/paper.tex
LaTeX2e <2009/09/24>
Babel <v3.8l> and hyphenation patterns for english, dumylang, nohyphenation, german, ngerman, german-x-2009-06-19, ngerm
an-x-2009-06-19, french, loaded.
("C:\Program Files\MiKTeX 2.8\tex\latex\base\article.cls"
Document Class: article 2007/10/19 v1.4h Standard LaTeX document class
("C:\Program Files\MiKTeX 2.8\tex\latex\base\size10.clo"
File: size10.clo 2007/10/19 v1.4h Standard LaTeX file (size option)
)
\c@part=\count79
\c@section=\count80
\c@subsection=\count81
\c@subsubsection=\count82
\c@paragraph=\count83
\c@subparagraph=\count84
\c@figure=\count85
\c@table=\count86
\abovecaptionskip=\skip41
\belowcaptionskip=\skip42
\bibindent=\dimen102
) ("C:\Program Files\MiKTeX 2.8\tex\latex\base\inputenc.sty"
Package: inputenc 2008/03/30 v1.1d Input encoding file
\inpenc@prehook=\toks14
\inpenc@posthook=\toks15

("C:\Program Files\MiKTeX 2.8\tex\latex\base\latin1.def"
File: latin1.def 2008/03/30 v1.1d Input encoding file
)) ("C:\Program Files\MiKTeX 2.8\tex\latex\graphics\graphicx.sty"
Package: graphicx 1999/02/16 v1.0f Enhanced LaTeX Graphics (DPC,SPQR)
 ("C:\Program Files\MiKTeX 2.8\tex\latex\graphics\keyval.sty"
Package: keyval 1999/03/16 v1.13 key=value parser (DPC)
\KV@toks@=\toks16
)
("C:\Program Files\MiKTeX 2.8\tex\latex\graphics\graphics.sty"
Package: graphics 2009/02/05 v1.0o Standard LaTeX Graphics (DPC,SPQR)
 ("C:\Program Files\MiKTeX 2.8\tex\latex\graphics\trig.sty"
Package: trig 1999/03/16 v1.09 sin cos tan (DPC)
) ("C:\Program Files\MiKTeX 2.8\tex\latex\00miktex\graphics.cfg"
File: graphics.cfg 2007/01/18 v1.5 graphics configuration of teTeX/TeXLive
)
Package graphics Info: Driver file: pdftex.def on input line 91.

("C:\Program Files\MiKTeX 2.8\tex\latex\pdftex-def\pdftex.def"
File: pdftex.def 2010/02/14 v0.04n Graphics/color for pdfTeX
\Gread@gobject=\count87
))
\Gin@req@height=\dimen103
\Gin@req@width=\dimen104
) ("C:\Program Files\MiKTeX 2.8\tex\latex\ltxmisc\url.sty"
\Urlmuskip=\muskip10
Package: url 2006/04/12  ver 3.3  Verb mode for urls, etc.
) ("C:\Program Files\MiKTeX 2.8\tex\latex\psnfss\palatino.sty"
Package: palatino 2005/04/12 PSNFSS-v9.2a (SPQR) 
)
(C:\Users\martin\Desktop\hs07-latex\report-template\paper.aux)
LaTeX Font Info:    Checking defaults for OML/cmm/m/it on input line 9.
LaTeX Font Info:    ... okay on input line 9.
LaTeX Font Info:    Checking defaults for T1/cmr/m/n on input line 9.
LaTeX Font Info:    ... okay on input line 9.
LaTeX Font Info:    Checking defaults for OT1/cmr/m/n on input line 9.
LaTeX Font Info:    ... okay on input line 9.
LaTeX Font Info:    Checking defaults for OMS/cmsy/m/n on input line 9.
LaTeX Font Info:    ... okay on input line 9.
LaTeX Font Info:    Checking defaults for OMX/cmex/m/n on input line 9.
LaTeX Font Info:    ... okay on input line 9.
LaTeX Font Info:    Checking defaults for U/cmr/m/n on input line 9.
LaTeX Font Info:    ... okay on input line 9.
LaTeX Font Info:    Try loading font information for OT1+ppl on input line 9.
 ("C:\Program Files\MiKTeX 2.8\tex\latex\psnfss\ot1ppl.fd"
File: ot1ppl.fd 2001/06/04 font definitions for OT1/ppl.
) ("C:\Program Files\MiKTeX 2.8\tex\context\base\supp-pdf.tex"
[Loading MPS to PDF converter (version 2006.09.02).]
\scratchcounter=\count88
\scratchdimen=\dimen105
\scratchbox=\box26
\nofMPsegments=\count89
\nofMParguments=\count90
\everyMPshowfont=\toks17
\MPscratchCnt=\count91
\MPscratchDim=\dimen106
\MPnumerator=\count92
\everyMPtoPDFconversion=\toks18
)
LaTeX Font Info:    External font `cmex10' loaded for size
(Font)              <12> on input line 28.
LaTeX Font Info:    External font `cmex10' loaded for size
(Font)              <8> on input line 28.
LaTeX Font Info:    External font `cmex10' loaded for size
(Font)              <6> on input line 28.
LaTeX Font Info:    Font shape `OT1/ppl/bx/n' in size <9> not available
(Font)              Font shape `OT1/ppl/b/n' tried instead on input line 31.
LaTeX Font Info:    Font shape `OT1/ppl/bx/n' in size <14.4> not available
(Font)              Font shape `OT1/ppl/b/n' tried instead on input line 41.
 <figures/hs07.pdf, id=1, 770.88pt x 377.41pt>
File: figures/hs07.pdf Graphic file (type pdf)
 <use figures/hs07.pdf> [1

{C:/ProgramData/MiKTeX/2.8/pdftex/config/pdftex.map}]
LaTeX Font Info:    External font `cmex10' loaded for size
(Font)              <7> on input line 70.
LaTeX Font Info:    External font `cmex10' loaded for size
(Font)              <5> on input line 70.
LaTeX Font Info:    Try loading font information for OMS+ppl on input line 73.
 ("C:\Program Files\MiKTeX 2.8\tex\latex\psnfss\omsppl.fd"
File: omsppl.fd 
)
LaTeX Font Info:    Font shape `OMS/ppl/m/n' in size <10> not available
(Font)              Font shape `OMS/cmsy/m/n' tried instead on input line 73.
LaTeX Font Info:    Font shape `OT1/ppl/bx/n' in size <12> not available
(Font)              Font shape `OT1/ppl/b/n' tried instead on input line 87.

<figures/moduleview.png, id=8, 496.85625pt x 476.78125pt>
File: figures/moduleview.png Graphic file (type png)
 <use figures/moduleview.png> [2 <C:/Users/martin/Desktop/hs07-latex/report-template/figures/hs07.pdf>]
<C:/Users/martin/Desktop/hs07-latex/report-template/figures/c&c1.jpg, id=67, 637.63219pt x 371.13657pt>
File: C:/Users/martin/Desktop/hs07-latex/report-template/figures/c&c1.jpg Graphic file (type jpg)

<use C:/Users/martin/Desktop/hs07-latex/report-template/figures/c&c1.jpg>
Overfull \hbox (37.58226pt too wide) in paragraph at lines 96--97
 [] 
 []

LaTeX Font Info:    Font shape `OT1/ppl/bx/n' in size <10> not available
(Font)              Font shape `OT1/ppl/b/n' tried instead on input line 98.
[3 <C:/Users/martin/Desktop/hs07-latex/report-template/figures/moduleview.png (PNG copy)> <C:/Users/martin/Desktop/hs07-
latex/report-template/figures/c&c1.jpg>]
<C:/Users/martin/Desktop/hs07-latex/report-template/figures/allocationview.jpg, id=71, 637.63219pt x 371.13657pt>
File: C:/Users/martin/Desktop/hs07-latex/report-template/figures/allocationview.jpg Graphic file (type jpg)

<use C:/Users/martin/Desktop/hs07-latex/report-template/figures/allocationview.jpg>
Overfull \hbox (37.58226pt too wide) in paragraph at lines 110--111
 [] 
 []

[4 <C:/Users/martin/Desktop/hs07-latex/report-template/figures/allocationview.jpg>]

! Package inputenc Error: Keyboard character used is undefined
(inputenc)                in inputencoding `latin1'.

See the inputenc package documentation for explanation.
Type  H <return>  for immediate help.
 ...                                              
                                                  
l.148 ...cies among the architectural description’
                                                  s required constituents\\
You need to provide a definition with \DeclareInputText 
or \DeclareInputMath before using this key.


Underfull \hbox (badness 10000) in paragraph at lines 143--151

 []


Underfull \hbox (badness 10000) in paragraph at lines 143--151

 []


Underfull \hbox (badness 10000) in paragraph at lines 143--151

 []


Underfull \hbox (badness 10000) in paragraph at lines 143--151

 []

[5]
! Misplaced alignment tab character &.
l.152 ...ification about responsibilitys in the C&
                                                  C view, but we probably do...
I can't figure out why you would want to use a tab mark
here. If you just want an ampersand, the remedy is
simple: Just type `I\&' now. But if some right brace
up above has ended a previous alignment prematurely,
you're probably due for more error messages, and you
might try typing `S' now just to see what is salvageable.

(C:\Users\martin\Desktop\hs07-latex\report-template\paper.bbl) [6]
(C:\Users\martin\Desktop\hs07-latex\report-template\paper.aux) ) 
Here is how much of TeX's memory you used:
 1137 strings out of 495285
 15549 string characters out of 3180340
 64621 words of memory out of 3000000
 4343 multiletter control sequences out of 15000+200000
 19538 words of font info for 48 fonts, out of 3000000 for 9000
 14 hyphenation exceptions out of 8191
 25i,8n,19p,624b,233s stack positions out of 5000i,500n,10000p,200000b,50000s
{C:/Program Files/MiKTeX 2.8/fonts/enc/dvips/fontname/8r
.enc}<C:/Program Files/MiKTeX 2.8/fonts/type1/public/amsfonts/cm/cmsy10.pfb><C:/Program Files/MiKTeX 2.8/fonts/type1/urw
/palatino/uplb8a.pfb><C:/Program Files/MiKTeX 2.8/fonts/type1/urw/palatino/uplr8a.pfb><C:/Program Files/MiKTeX 2.8/fonts
/type1/urw/palatino/uplri8a.pfb>
Output written on paper.pdf (6 pages, 301693 bytes).
PDF statistics:
 95 PDF objects out of 1000 (max. 8388607)
 0 named destinations out of 1000 (max. 500000)
 21 words of extra memory for PDF output out of 10000 (max. 10000000)

